<?xml version="1.0" encoding="UTF-8"?>
<!-- Generated by org.testng.reporters.JUnitReportReporter -->
<testsuite hostname="LLOYDEE" failures="0" tests="1" name="demo.webdriverdemo.GitHubDemo" time="0.859" errors="0" timestamp="11 Aug 2019 18:39:29 GMT" skipped="0">
  <testcase classname="demo.webdriverdemo.GitHubDemo" name="openBrowser" time="0.859"/>
</testsuite> <!-- demo.webdriverdemo.GitHubDemo -->
