<?xml version="1.0" encoding="UTF-8"?>
<!-- Generated by org.testng.reporters.JUnitReportReporter -->
<testsuite hostname="LLOYDEE" failures="0" tests="1" name="testrunner.TestRunner" time="0.285" errors="0" timestamp="11 Aug 2019 19:05:12 GMT" skipped="0">
  <testcase classname="testrunner.TestRunner" name="logInToJW" time="0.285"/>
</testsuite> <!-- testrunner.TestRunner -->
